# JRE version: Java(TM) SE Runtime Environment (21.0.6+8) (build 21.0.6+8-LTS-188)
# Java VM: Java HotSpot(TM) 64-Bit Server VM (21.0.6+8-LTS-188, mixed mode, sharing, tiered, compressed oops, compressed class ptrs, g1 gc, linux-amd64)
GC Precious Log:
 CardTable entry size: 512
 Card Set container configuration: InlinePtr #cards 5 size 8 Array Of Cards #cards 12 size 40 Howl #buckets 4 coarsen threshold 1843 Howl Bitmap #cards 512 size 80 coarsen threshold 460 Card regions per heap region 1 cards per card region 2048
 CPUs: 8 total, 8 available
 Memory: 15660M
 Large Page Support: Disabled
 NUMA Support: Disabled
 Compressed Oops: Enabled (32-bit)
 Heap Region Size: 1M
 Heap Min Capacity: 256M
 Heap Initial Capacity: 256M
 Heap Max Capacity: 512M
 Pre-touch: Disabled
 Parallel Workers: 8
 Concurrent Workers: 2
 Concurrent Refinement Workers: 8
 Periodic GC: Disabled
Heap:
 garbage-first heap   total 262144K, used 232246K [0x00000000e0000000, 0x0000000100000000)
  region size 1024K, 128 young (131072K), 9 survivors (9216K)
 Metaspace       used 73676K, committed 75968K, reserved 393216K
  class space    used 10042K, committed 11200K, reserved 327680K
GC Heap History (20 events):
Event: 7,150 GC heap after
{Heap after GC invocations=13 (full 0):
 garbage-first heap   total 262144K, used 66184K [0x00000000e0000000, 0x0000000100000000)
  region size 1024K, 15 young (15360K), 15 survivors (15360K)
 Metaspace       used 62766K, committed 65024K, reserved 393216K
  class space    used 8827K, committed 9984K, reserved 327680K
}
Event: 30,696 GC heap before
{Heap before GC invocations=13 (full 0):
 garbage-first heap   total 262144K, used 207496K [0x00000000e0000000, 0x0000000100000000)
  region size 1024K, 153 young (156672K), 15 survivors (15360K)
 Metaspace       used 65229K, committed 67392K, reserved 393216K
  class space    used 9173K, committed 10304K, reserved 327680K
}
Event: 30,719 GC heap after
{Heap after GC invocations=14 (full 0):
 garbage-first heap   total 262144K, used 84992K [0x00000000e0000000, 0x0000000100000000)
  region size 1024K, 20 young (20480K), 20 survivors (20480K)
 Metaspace       used 65229K, committed 67392K, reserved 393216K
  class space    used 9173K, committed 10304K, reserved 327680K
}
Event: 31,462 GC heap before
{Heap before GC invocations=14 (full 0):
 garbage-first heap   total 262144K, used 219136K [0x00000000e0000000, 0x0000000100000000)
  region size 1024K, 153 young (156672K), 20 survivors (20480K)
 Metaspace       used 66024K, committed 68224K, reserved 393216K
  class space    used 9180K, committed 10304K, reserved 327680K
}
Event: 31,481 GC heap after
{Heap after GC invocations=15 (full 0):
 garbage-first heap   total 262144K, used 95713K [0x00000000e0000000, 0x0000000100000000)
  region size 1024K, 11 young (11264K), 11 survivors (11264K)
 Metaspace       used 66024K, committed 68224K, reserved 393216K
  class space    used 9180K, committed 10304K, reserved 327680K
}
Event: 45,383 GC heap before
{Heap before GC invocations=16 (full 0):
 garbage-first heap   total 262144K, used 223713K [0x00000000e0000000, 0x0000000100000000)
  region size 1024K, 137 young (140288K), 11 survivors (11264K)
 Metaspace       used 72309K, committed 74560K, reserved 393216K
  class space    used 10016K, committed 11136K, reserved 327680K
}
Event: 45,397 GC heap after
{Heap after GC invocations=17 (full 0):
 garbage-first heap   total 262144K, used 101265K [0x00000000e0000000, 0x0000000100000000)
  region size 1024K, 10 young (10240K), 10 survivors (10240K)
 Metaspace       used 72309K, committed 74560K, reserved 393216K
  class space    used 10016K, committed 11136K, reserved 327680K
}
Event: 46,244 GC heap before
{Heap before GC invocations=17 (full 0):
 garbage-first heap   total 262144K, used 226193K [0x00000000e0000000, 0x0000000100000000)
  region size 1024K, 132 young (135168K), 10 survivors (10240K)
 Metaspace       used 72736K, committed 75072K, reserved 393216K
  class space    used 10037K, committed 11200K, reserved 327680K
}
Event: 46,255 GC heap after
{Heap after GC invocations=18 (full 0):
 garbage-first heap   total 262144K, used 97302K [0x00000000e0000000, 0x0000000100000000)
  region size 1024K, 7 young (7168K), 7 survivors (7168K)
 Metaspace       used 72736K, committed 75072K, reserved 393216K
  class space    used 10037K, committed 11200K, reserved 327680K
}
Event: 57,888 GC heap before
{Heap before GC invocations=18 (full 0):
 garbage-first heap   total 262144K, used 231446K [0x00000000e0000000, 0x0000000100000000)
  region size 1024K, 138 young (141312K), 7 survivors (7168K)
 Metaspace       used 73099K, committed 75392K, reserved 393216K
  class space    used 10042K, committed 11200K, reserved 327680K
}
Event: 57,902 GC heap after
{Heap after GC invocations=19 (full 0):
 garbage-first heap   total 262144K, used 109475K [0x00000000e0000000, 0x0000000100000000)
  region size 1024K, 18 young (18432K), 18 survivors (18432K)
 Metaspace       used 73099K, committed 75392K, reserved 393216K
  class space    used 10042K, committed 11200K, reserved 327680K
}
Event: 86,782 GC heap before
{Heap before GC invocations=20 (full 0):
 garbage-first heap   total 262144K, used 228259K [0x00000000e0000000, 0x0000000100000000)
  region size 1024K, 135 young (138240K), 18 survivors (18432K)
 Metaspace       used 73251K, committed 75520K, reserved 393216K
  class space    used 10042K, committed 11200K, reserved 327680K
}
Event: 86,800 GC heap after
{Heap after GC invocations=21 (full 0):
 garbage-first heap   total 262144K, used 112661K [0x00000000e0000000, 0x0000000100000000)
  region size 1024K, 11 young (11264K), 11 survivors (11264K)
 Metaspace       used 73251K, committed 75520K, reserved 393216K
  class space    used 10042K, committed 11200K, reserved 327680K
}
Event: 131,133 GC heap before
{Heap before GC invocations=21 (full 0):
 garbage-first heap   total 262144K, used 231445K [0x00000000e0000000, 0x0000000100000000)
  region size 1024K, 128 young (131072K), 11 survivors (11264K)
 Metaspace       used 73432K, committed 75648K, reserved 393216K
  class space    used 10047K, committed 11200K, reserved 327680K
}
Event: 131,142 GC heap after
{Heap after GC invocations=22 (full 0):
 garbage-first heap   total 262144K, used 107064K [0x00000000e0000000, 0x0000000100000000)
  region size 1024K, 8 young (8192K), 8 survivors (8192K)
 Metaspace       used 73432K, committed 75648K, reserved 393216K
  class space    used 10047K, committed 11200K, reserved 327680K
}
Event: 131,504 GC heap before
{Heap before GC invocations=22 (full 0):
 garbage-first heap   total 262144K, used 197176K [0x00000000e0000000, 0x0000000100000000)
  region size 1024K, 98 young (100352K), 8 survivors (8192K)
 Metaspace       used 73484K, committed 75712K, reserved 393216K
  class space    used 10048K, committed 11200K, reserved 327680K
}
Event: 131,514 GC heap after
{Heap after GC invocations=23 (full 0):
 garbage-first heap   total 262144K, used 112596K [0x00000000e0000000, 0x0000000100000000)
  region size 1024K, 13 young (13312K), 13 survivors (13312K)
 Metaspace       used 73484K, committed 75712K, reserved 393216K
  class space    used 10048K, committed 11200K, reserved 327680K
}
Event: 142,636 GC heap before
{Heap before GC invocations=24 (full 0):
 garbage-first heap   total 262144K, used 231380K [0x00000000e0000000, 0x0000000100000000)
  region size 1024K, 132 young (135168K), 13 survivors (13312K)
 Metaspace       used 73560K, committed 75840K, reserved 393216K
  class space    used 10040K, committed 11200K, reserved 327680K
}
Event: 142,643 GC heap after
{Heap after GC invocations=25 (full 0):
 garbage-first heap   total 262144K, used 110390K [0x00000000e0000000, 0x0000000100000000)
  region size 1024K, 13 young (13312K), 13 survivors (13312K)
 Metaspace       used 73560K, committed 75840K, reserved 393216K
  class space    used 10040K, committed 11200K, reserved 327680K
}
Event: 149,320 GC heap before
{Heap before GC invocations=25 (full 0):
 garbage-first heap   total 262144K, used 231222K [0x00000000e0000000, 0x0000000100000000)
  region size 1024K, 132 young (135168K), 13 survivors (13312K)
 Metaspace       used 73676K, committed 75968K, reserved 393216K
  class space    used 10042K, committed 11200K, reserved 327680K
}

