# JRE version: Java(TM) SE Runtime Environment (21.0.6+8) (build 21.0.6+8-LTS-188)
# Java VM: Java HotSpot(TM) 64-Bit Server VM (21.0.6+8-LTS-188, mixed mode, sharing, tiered, compressed oops, compressed class ptrs, g1 gc, linux-amd64)
GC Precious Log:
 CardTable entry size: 512
 Card Set container configuration: InlinePtr #cards 5 size 8 Array Of Cards #cards 12 size 40 Howl #buckets 4 coarsen threshold 1843 Howl Bitmap #cards 512 size 80 coarsen threshold 460 Card regions per heap region 1 cards per card region 2048
 CPUs: 8 total, 8 available
 Memory: 15660M
 Large Page Support: Disabled
 NUMA Support: Disabled
 Compressed Oops: Enabled (32-bit)
 Heap Region Size: 1M
 Heap Min Capacity: 256M
 Heap Initial Capacity: 256M
 Heap Max Capacity: 512M
 Pre-touch: Disabled
 Parallel Workers: 8
 Concurrent Workers: 2
 Concurrent Refinement Workers: 8
 Periodic GC: Disabled
Heap:
 garbage-first heap   total 262144K, used 101852K [0x00000000e0000000, 0x0000000100000000)
  region size 1024K, 53 young (54272K), 5 survivors (5120K)
 Metaspace       used 59503K, committed 61568K, reserved 393216K
  class space    used 8305K, committed 9344K, reserved 327680K
GC Heap History (19 events):
Event: 0,221 GC heap before
{Heap before GC invocations=0 (full 0):
 garbage-first heap   total 264192K, used 26678K [0x00000000e0000000, 0x0000000100000000)
  region size 1024K, 23 young (23552K), 0 survivors (0K)
 Metaspace       used 1124K, committed 1280K, reserved 393216K
  class space    used 76K, committed 128K, reserved 327680K
}
Event: 0,224 GC heap after
{Heap after GC invocations=1 (full 0):
 garbage-first heap   total 264192K, used 10435K [0x00000000e0000000, 0x0000000100000000)
  region size 1024K, 3 young (3072K), 3 survivors (3072K)
 Metaspace       used 1124K, committed 1280K, reserved 393216K
  class space    used 76K, committed 128K, reserved 327680K
}
Event: 0,558 GC heap before
{Heap before GC invocations=1 (full 0):
 garbage-first heap   total 264192K, used 48323K [0x00000000e0000000, 0x0000000100000000)
  region size 1024K, 40 young (40960K), 3 survivors (3072K)
 Metaspace       used 4479K, committed 4672K, reserved 393216K
  class space    used 549K, committed 640K, reserved 327680K
}
Event: 0,560 GC heap after
{Heap after GC invocations=2 (full 0):
 garbage-first heap   total 264192K, used 12706K [0x00000000e0000000, 0x0000000100000000)
  region size 1024K, 3 young (3072K), 3 survivors (3072K)
 Metaspace       used 4479K, committed 4672K, reserved 393216K
  class space    used 549K, committed 640K, reserved 327680K
}
Event: 1,221 GC heap before
{Heap before GC invocations=2 (full 0):
 garbage-first heap   total 264192K, used 73122K [0x00000000e0000000, 0x0000000100000000)
  region size 1024K, 60 young (61440K), 3 survivors (3072K)
 Metaspace       used 13842K, committed 14272K, reserved 393216K
  class space    used 1859K, committed 2048K, reserved 327680K
}
Event: 1,225 GC heap after
{Heap after GC invocations=3 (full 0):
 garbage-first heap   total 264192K, used 20858K [0x00000000e0000000, 0x0000000100000000)
  region size 1024K, 8 young (8192K), 8 survivors (8192K)
 Metaspace       used 13842K, committed 14272K, reserved 393216K
  class space    used 1859K, committed 2048K, reserved 327680K
}
Event: 1,884 GC heap before
{Heap before GC invocations=3 (full 0):
 garbage-first heap   total 264192K, used 72058K [0x00000000e0000000, 0x0000000100000000)
  region size 1024K, 59 young (60416K), 8 survivors (8192K)
 Metaspace       used 20818K, committed 21504K, reserved 393216K
  class space    used 2993K, committed 3328K, reserved 327680K
}
Event: 1,893 GC heap after
{Heap after GC invocations=4 (full 0):
 garbage-first heap   total 264192K, used 24440K [0x00000000e0000000, 0x0000000100000000)
  region size 1024K, 12 young (12288K), 12 survivors (12288K)
 Metaspace       used 20818K, committed 21504K, reserved 393216K
  class space    used 2993K, committed 3328K, reserved 327680K
}
Event: 2,961 GC heap before
{Heap before GC invocations=5 (full 0):
 garbage-first heap   total 262144K, used 136056K [0x00000000e0000000, 0x0000000100000000)
  region size 1024K, 118 young (120832K), 12 survivors (12288K)
 Metaspace       used 35082K, committed 36096K, reserved 393216K
  class space    used 4816K, committed 5312K, reserved 327680K
}
Event: 2,970 GC heap after
{Heap after GC invocations=6 (full 0):
 garbage-first heap   total 262144K, used 34110K [0x00000000e0000000, 0x0000000100000000)
  region size 1024K, 20 young (20480K), 20 survivors (20480K)
 Metaspace       used 35082K, committed 36096K, reserved 393216K
  class space    used 4816K, committed 5312K, reserved 327680K
}
Event: 2,985 GC heap before
{Heap before GC invocations=6 (full 0):
 garbage-first heap   total 262144K, used 36158K [0x00000000e0000000, 0x0000000100000000)
  region size 1024K, 23 young (23552K), 20 survivors (20480K)
 Metaspace       used 35323K, committed 36416K, reserved 393216K
  class space    used 4854K, committed 5376K, reserved 327680K
}
Event: 2,995 GC heap after
{Heap after GC invocations=7 (full 0):
 garbage-first heap   total 262144K, used 32844K [0x00000000e0000000, 0x0000000100000000)
  region size 1024K, 9 young (9216K), 9 survivors (9216K)
 Metaspace       used 35323K, committed 36416K, reserved 393216K
  class space    used 4854K, committed 5376K, reserved 327680K
}
Event: 3,028 GC heap before
{Heap before GC invocations=7 (full 0):
 garbage-first heap   total 262144K, used 34892K [0x00000000e0000000, 0x0000000100000000)
  region size 1024K, 12 young (12288K), 9 survivors (9216K)
 Metaspace       used 35590K, committed 36736K, reserved 393216K
  class space    used 4890K, committed 5440K, reserved 327680K
}
Event: 3,034 GC heap after
{Heap after GC invocations=8 (full 0):
 garbage-first heap   total 262144K, used 32841K [0x00000000e0000000, 0x0000000100000000)
  region size 1024K, 9 young (9216K), 9 survivors (9216K)
 Metaspace       used 35590K, committed 36736K, reserved 393216K
  class space    used 4890K, committed 5440K, reserved 327680K
}
Event: 4,447 GC heap before
{Heap before GC invocations=9 (full 0):
 garbage-first heap   total 262144K, used 181321K [0x00000000e0000000, 0x0000000100000000)
  region size 1024K, 153 young (156672K), 9 survivors (9216K)
 Metaspace       used 50346K, committed 52160K, reserved 393216K
  class space    used 7122K, committed 8000K, reserved 327680K
}
Event: 4,456 GC heap after
{Heap after GC invocations=10 (full 0):
 garbage-first heap   total 262144K, used 41330K [0x00000000e0000000, 0x0000000100000000)
  region size 1024K, 17 young (17408K), 17 survivors (17408K)
 Metaspace       used 50346K, committed 52160K, reserved 393216K
  class space    used 7122K, committed 8000K, reserved 327680K
}
Event: 5,986 GC heap before
{Heap before GC invocations=10 (full 0):
 garbage-first heap   total 262144K, used 180594K [0x00000000e0000000, 0x0000000100000000)
  region size 1024K, 153 young (156672K), 17 survivors (17408K)
 Metaspace       used 58967K, committed 60992K, reserved 393216K
  class space    used 8286K, committed 9280K, reserved 327680K
}
Event: 6,005 GC heap after
{Heap after GC invocations=11 (full 0):
 garbage-first heap   total 262144K, used 52700K [0x00000000e0000000, 0x0000000100000000)
  region size 1024K, 20 young (20480K), 20 survivors (20480K)
 Metaspace       used 58967K, committed 60992K, reserved 393216K
  class space    used 8286K, committed 9280K, reserved 327680K
}
Event: 6,326 GC heap before
{Heap before GC invocations=11 (full 0):
 garbage-first heap   total 262144K, used 100828K [0x00000000e0000000, 0x0000000100000000)
  region size 1024K, 68 young (69632K), 20 survivors (20480K)
 Metaspace       used 59503K, committed 61568K, reserved 393216K
  class space    used 8305K, committed 9344K, reserved 327680K
}

