# JRE version: Java(TM) SE Runtime Environment (21.0.6+8) (build 21.0.6+8-LTS-188)
# Java VM: Java HotSpot(TM) 64-Bit Server VM (21.0.6+8-LTS-188, mixed mode, sharing, tiered, compressed oops, compressed class ptrs, g1 gc, linux-amd64)
GC Precious Log:
 CardTable entry size: 512
 Card Set container configuration: InlinePtr #cards 5 size 8 Array Of Cards #cards 12 size 40 Howl #buckets 4 coarsen threshold 1843 Howl Bitmap #cards 512 size 80 coarsen threshold 460 Card regions per heap region 1 cards per card region 2048
 CPUs: 8 total, 8 available
 Memory: 15660M
 Large Page Support: Disabled
 NUMA Support: Disabled
 Compressed Oops: Enabled (32-bit)
 Heap Region Size: 1M
 Heap Min Capacity: 256M
 Heap Initial Capacity: 256M
 Heap Max Capacity: 512M
 Pre-touch: Disabled
 Parallel Workers: 8
 Concurrent Workers: 2
 Concurrent Refinement Workers: 8
 Periodic GC: Disabled
Heap:
 garbage-first heap   total 262144K, used 208895K [0x00000000e0000000, 0x0000000100000000)
  region size 1024K, 155 young (158720K), 8 survivors (8192K)
 Metaspace       used 63856K, committed 65984K, reserved 393216K
  class space    used 8923K, committed 9984K, reserved 327680K
GC Heap History (20 events):
Event: 0,203 GC heap after
{Heap after GC invocations=1 (full 0):
 garbage-first heap   total 264192K, used 6208K [0x00000000e0000000, 0x0000000100000000)
  region size 1024K, 3 young (3072K), 3 survivors (3072K)
 Metaspace       used 1090K, committed 1216K, reserved 393216K
  class space    used 76K, committed 128K, reserved 327680K
}
Event: 0,541 GC heap before
{Heap before GC invocations=1 (full 0):
 garbage-first heap   total 264192K, used 48192K [0x00000000e0000000, 0x0000000100000000)
  region size 1024K, 42 young (43008K), 3 survivors (3072K)
 Metaspace       used 4483K, committed 4672K, reserved 393216K
  class space    used 549K, committed 640K, reserved 327680K
}
Event: 0,543 GC heap after
{Heap after GC invocations=2 (full 0):
 garbage-first heap   total 264192K, used 12454K [0x00000000e0000000, 0x0000000100000000)
  region size 1024K, 6 young (6144K), 6 survivors (6144K)
 Metaspace       used 4483K, committed 4672K, reserved 393216K
  class space    used 549K, committed 640K, reserved 327680K
}
Event: 1,125 GC heap before
{Heap before GC invocations=2 (full 0):
 garbage-first heap   total 264192K, used 65702K [0x00000000e0000000, 0x0000000100000000)
  region size 1024K, 57 young (58368K), 6 survivors (6144K)
 Metaspace       used 13142K, committed 13504K, reserved 393216K
  class space    used 1738K, committed 1920K, reserved 327680K
}
Event: 1,130 GC heap after
{Heap after GC invocations=3 (full 0):
 garbage-first heap   total 264192K, used 20533K [0x00000000e0000000, 0x0000000100000000)
  region size 1024K, 8 young (8192K), 8 survivors (8192K)
 Metaspace       used 13142K, committed 13504K, reserved 393216K
  class space    used 1738K, committed 1920K, reserved 327680K
}
Event: 1,846 GC heap before
{Heap before GC invocations=3 (full 0):
 garbage-first heap   total 264192K, used 76853K [0x00000000e0000000, 0x0000000100000000)
  region size 1024K, 64 young (65536K), 8 survivors (8192K)
 Metaspace       used 20829K, committed 21504K, reserved 393216K
  class space    used 2993K, committed 3328K, reserved 327680K
}
Event: 1,853 GC heap after
{Heap after GC invocations=4 (full 0):
 garbage-first heap   total 264192K, used 24880K [0x00000000e0000000, 0x0000000100000000)
  region size 1024K, 13 young (13312K), 13 survivors (13312K)
 Metaspace       used 20829K, committed 21504K, reserved 393216K
  class space    used 2993K, committed 3328K, reserved 327680K
}
Event: 2,896 GC heap before
{Heap before GC invocations=5 (full 0):
 garbage-first heap   total 262144K, used 137520K [0x00000000e0000000, 0x0000000100000000)
  region size 1024K, 120 young (122880K), 13 survivors (13312K)
 Metaspace       used 35125K, committed 36160K, reserved 393216K
  class space    used 4818K, committed 5312K, reserved 327680K
}
Event: 2,908 GC heap after
{Heap after GC invocations=6 (full 0):
 garbage-first heap   total 262144K, used 33480K [0x00000000e0000000, 0x0000000100000000)
  region size 1024K, 18 young (18432K), 18 survivors (18432K)
 Metaspace       used 35125K, committed 36160K, reserved 393216K
  class space    used 4818K, committed 5312K, reserved 327680K
}
Event: 2,925 GC heap before
{Heap before GC invocations=6 (full 0):
 garbage-first heap   total 262144K, used 36552K [0x00000000e0000000, 0x0000000100000000)
  region size 1024K, 22 young (22528K), 18 survivors (18432K)
 Metaspace       used 35416K, committed 36480K, reserved 393216K
  class space    used 4856K, committed 5376K, reserved 327680K
}
Event: 2,933 GC heap after
{Heap after GC invocations=7 (full 0):
 garbage-first heap   total 262144K, used 34410K [0x00000000e0000000, 0x0000000100000000)
  region size 1024K, 10 young (10240K), 10 survivors (10240K)
 Metaspace       used 35416K, committed 36480K, reserved 393216K
  class space    used 4856K, committed 5376K, reserved 327680K
}
Event: 2,981 GC heap before
{Heap before GC invocations=7 (full 0):
 garbage-first heap   total 262144K, used 37482K [0x00000000e0000000, 0x0000000100000000)
  region size 1024K, 14 young (14336K), 10 survivors (10240K)
 Metaspace       used 35744K, committed 36800K, reserved 393216K
  class space    used 4913K, committed 5440K, reserved 327680K
}
Event: 2,987 GC heap after
{Heap after GC invocations=8 (full 0):
 garbage-first heap   total 262144K, used 33648K [0x00000000e0000000, 0x0000000100000000)
  region size 1024K, 9 young (9216K), 9 survivors (9216K)
 Metaspace       used 35744K, committed 36800K, reserved 393216K
  class space    used 4913K, committed 5440K, reserved 327680K
}
Event: 4,324 GC heap before
{Heap before GC invocations=9 (full 0):
 garbage-first heap   total 262144K, used 182128K [0x00000000e0000000, 0x0000000100000000)
  region size 1024K, 153 young (156672K), 9 survivors (9216K)
 Metaspace       used 50464K, committed 52224K, reserved 393216K
  class space    used 7141K, committed 8000K, reserved 327680K
}
Event: 4,333 GC heap after
{Heap after GC invocations=10 (full 0):
 garbage-first heap   total 262144K, used 41896K [0x00000000e0000000, 0x0000000100000000)
  region size 1024K, 17 young (17408K), 17 survivors (17408K)
 Metaspace       used 50464K, committed 52224K, reserved 393216K
  class space    used 7141K, committed 8000K, reserved 327680K
}
Event: 5,958 GC heap before
{Heap before GC invocations=10 (full 0):
 garbage-first heap   total 262144K, used 181160K [0x00000000e0000000, 0x0000000100000000)
  region size 1024K, 153 young (156672K), 17 survivors (17408K)
 Metaspace       used 58970K, committed 60928K, reserved 393216K
  class space    used 8286K, committed 9280K, reserved 327680K
}
Event: 5,978 GC heap after
{Heap after GC invocations=11 (full 0):
 garbage-first heap   total 262144K, used 52426K [0x00000000e0000000, 0x0000000100000000)
  region size 1024K, 20 young (20480K), 20 survivors (20480K)
 Metaspace       used 58970K, committed 60928K, reserved 393216K
  class space    used 8286K, committed 9280K, reserved 327680K
}
Event: 6,360 GC heap before
{Heap before GC invocations=11 (full 0):
 garbage-first heap   total 262144K, used 107722K [0x00000000e0000000, 0x0000000100000000)
  region size 1024K, 75 young (76800K), 20 survivors (20480K)
 Metaspace       used 59660K, committed 61696K, reserved 393216K
  class space    used 8328K, committed 9344K, reserved 327680K
}
Event: 6,377 GC heap after
{Heap after GC invocations=12 (full 0):
 garbage-first heap   total 262144K, used 58367K [0x00000000e0000000, 0x0000000100000000)
  region size 1024K, 6 young (6144K), 6 survivors (6144K)
 Metaspace       used 59660K, committed 61696K, reserved 393216K
  class space    used 8328K, committed 9344K, reserved 327680K
}
Event: 257,536 GC heap before
{Heap before GC invocations=13 (full 0):
 garbage-first heap   total 262144K, used 207871K [0x00000000e0000000, 0x0000000100000000)
  region size 1024K, 153 young (156672K), 6 survivors (6144K)
 Metaspace       used 63856K, committed 65984K, reserved 393216K
  class space    used 8923K, committed 9984K, reserved 327680K
}

